<?xml version="1.0" encoding="UTF-8"?>
<coverage generated="1539460626">
  <project timestamp="1539460626">
    <package name="PHPSess\Storage">
      <file name="/home/ayrton/projects/file-storage/src/FileStorage.php">
        <class name="PHPSess\Storage\FileStorage" namespace="PHPSess\Storage" fullPackage="PHPSess" package="PHPSess">
          <metrics complexity="31" methods="8" coveredmethods="4" conditionals="0" coveredconditionals="0" statements="68" coveredstatements="60" elements="76" coveredelements="64"/>
        </class>
        <line num="44" type="method" name="__construct" visibility="public" complexity="8" crap="8" count="14"/>
        <line num="46" type="stmt" count="14"/>
        <line num="47" type="stmt" count="13"/>
        <line num="50" type="stmt" count="14"/>
        <line num="51" type="stmt" count="1"/>
        <line num="54" type="stmt" count="13"/>
        <line num="55" type="stmt" count="1"/>
        <line num="58" type="stmt" count="12"/>
        <line num="59" type="stmt" count="1"/>
        <line num="62" type="stmt" count="11"/>
        <line num="63" type="stmt" count="1"/>
        <line num="66" type="stmt" count="10"/>
        <line num="67" type="stmt" count="10"/>
        <line num="68" type="stmt" count="10"/>
        <line num="78" type="method" name="save" visibility="public" complexity="2" crap="2" count="8"/>
        <line num="80" type="stmt" count="8"/>
        <line num="82" type="stmt" count="8"/>
        <line num="83" type="stmt" count="8"/>
        <line num="84" type="stmt" count="8"/>
        <line num="87" type="stmt" count="8"/>
        <line num="88" type="stmt" count="1"/>
        <line num="90" type="stmt" count="7"/>
        <line num="100" type="method" name="get" visibility="public" complexity="5" crap="5.68" count="3"/>
        <line num="102" type="stmt" count="3"/>
        <line num="104" type="stmt" count="3"/>
        <line num="105" type="stmt" count="1"/>
        <line num="109" type="stmt" count="2"/>
        <line num="110" type="stmt" count="0"/>
        <line num="111" type="stmt" count="0"/>
        <line num="114" type="stmt" count="2"/>
        <line num="116" type="stmt" count="2"/>
        <line num="117" type="stmt" count="0"/>
        <line num="120" type="stmt" count="2"/>
        <line num="129" type="method" name="sessionExists" visibility="public" complexity="1" crap="1" count="8"/>
        <line num="131" type="stmt" count="8"/>
        <line num="133" type="stmt" count="8"/>
        <line num="135" type="stmt" count="8"/>
        <line num="146" type="method" name="destroy" visibility="public" complexity="3" crap="3.03" count="2"/>
        <line num="148" type="stmt" count="2"/>
        <line num="149" type="stmt" count="0"/>
        <line num="152" type="stmt" count="2"/>
        <line num="154" type="stmt" count="2"/>
        <line num="155" type="stmt" count="1"/>
        <line num="158" type="stmt" count="1"/>
        <line num="159" type="stmt" count="1"/>
        <line num="168" type="method" name="clearOld" visibility="public" complexity="6" crap="6.09" count="3"/>
        <line num="170" type="stmt" count="3"/>
        <line num="172" type="stmt" count="3"/>
        <line num="173" type="stmt" count="1"/>
        <line num="176" type="stmt" count="2"/>
        <line num="178" type="stmt" count="2"/>
        <line num="179" type="stmt" count="2"/>
        <line num="180" type="stmt" count="2"/>
        <line num="182" type="stmt" count="2"/>
        <line num="183" type="stmt" count="2"/>
        <line num="186" type="stmt" count="1"/>
        <line num="187" type="stmt" count="0"/>
        <line num="190" type="stmt" count="1"/>
        <line num="193" type="stmt" count="2"/>
        <line num="194" type="stmt" count="0"/>
        <line num="196" type="stmt" count="2"/>
        <line num="207" type="method" name="shouldBeCleared" visibility="private" complexity="5" crap="5.12" count="2"/>
        <line num="209" type="stmt" count="2"/>
        <line num="210" type="stmt" count="2"/>
        <line num="213" type="stmt" count="2"/>
        <line num="215" type="stmt" count="2"/>
        <line num="216" type="stmt" count="0"/>
        <line num="219" type="stmt" count="2"/>
        <line num="220" type="stmt" count="2"/>
        <line num="221" type="stmt" count="0"/>
        <line num="224" type="stmt" count="2"/>
        <line num="226" type="stmt" count="2"/>
        <line num="227" type="stmt" count="1"/>
        <line num="230" type="stmt" count="1"/>
        <line num="239" type="method" name="getFileName" visibility="private" complexity="1" crap="1" count="9"/>
        <line num="241" type="stmt" count="9"/>
        <metrics loc="243" ncloc="170" classes="1" methods="8" coveredmethods="4" conditionals="0" coveredconditionals="0" statements="68" coveredstatements="60" elements="76" coveredelements="64"/>
      </file>
    </package>
    <metrics files="1" loc="243" ncloc="170" classes="1" methods="8" coveredmethods="4" conditionals="0" coveredconditionals="0" statements="68" coveredstatements="60" elements="76" coveredelements="64"/>
  </project>
</coverage>
